<?xml version="1.0" encoding="UTF-8"?>
<!-- Generated by org.testng.reporters.JUnitReportReporter -->
<testsuite skipped="0" hostname="LAPTOP-0QANDAJA" name="com.leafBot.testcases.TC001_LoginLogout" tests="2" failures="0" timestamp="08 Sep 2019 11:08:49 GMT" time="60.789" errors="0">
  <testcase name="runTC001" time="38.811" classname="com.leafBot.testcases.TC001_LoginLogout"/>
  <testcase name="runTC001" time="21.978" classname="com.leafBot.testcases.TC001_LoginLogout"/>
</testsuite> <!-- com.leafBot.testcases.TC001_LoginLogout -->
